2021-04-08 15:32:40 [127.0.0.1][-][-][error][Error] Error: Class 'dmstr\web\AdminLteAsset' not found in W:\domains\yiiCms\backend\views\layouts\main-login.php:8
Stack trace:
#0 W:\domains\yiiCms\vendor\yiisoft\yii2\base\View.php(348): require()
#1 W:\domains\yiiCms\vendor\yiisoft\yii2\base\View.php(257): yii\base\View->renderPhpFile('W:\\domains\\yiiC...', Array)
#2 W:\domains\yiiCms\vendor\yiisoft\yii2\base\Controller.php(425): yii\base\View->renderFile('W:\\domains\\yiiC...', Array, Object(backend\controllers\SiteController))
#3 W:\domains\yiiCms\vendor\yiisoft\yii2\base\Controller.php(411): yii\base\Controller->renderContent('\r\n<div class="l...')
#4 W:\domains\yiiCms\backend\controllers\SiteController.php(72): yii\base\Controller->render('login', Array)
#5 [internal function]: backend\controllers\SiteController->actionLogin()
#6 W:\domains\yiiCms\vendor\yiisoft\yii2\base\InlineAction.php(57): call_user_func_array(Array, Array)
#7 W:\domains\yiiCms\vendor\yiisoft\yii2\base\Controller.php(181): yii\base\InlineAction->runWithParams(Array)
#8 W:\domains\yiiCms\vendor\yiisoft\yii2\base\Module.php(534): yii\base\Controller->runAction('login', Array)
#9 W:\domains\yiiCms\vendor\yiisoft\yii2\web\Application.php(104): yii\base\Module->runAction('site/login', Array)
#10 W:\domains\yiiCms\vendor\yiisoft\yii2\base\Application.php(392): yii\web\Application->handleRequest(Object(yii\web\Request))
#11 W:\domains\yiiCms\backend\web\index.php(17): yii\base\Application->run()
#12 {main}
2021-04-08 15:32:40 [127.0.0.1][-][-][info][application] $_GET = [
    'r' => 'site/login'
]

$_POST = []

$_FILES = []

$_COOKIE = [
    'advanced-backend' => '5grtp2qsugpfe6bjutijdsnpf387s79g'
    '_csrf-backend' => 'cd2ed9e54ce3db812ff17f324aabbdccb4c0bb6e7e9b9263aafb559a047300e0a:2:{i:0;s:13:\"_csrf-backend\";i:1;s:32:\"cUkwt8JAzz7HLhOc-0vN0X4Ooen_NqYs\";}'
]

$_SERVER = [
    'HTTP_HOST' => 'admin.yii.loc'
    'HTTP_CONNECTION' => 'keep-alive'
    'HTTP_UPGRADE_INSECURE_REQUESTS' => '1'
    'HTTP_USER_AGENT' => 'Mozilla/5.0 (Windows NT 10.0; Win64; x64) AppleWebKit/537.36 (KHTML, like Gecko) Chrome/89.0.4389.114 Safari/537.36'
    'HTTP_ACCEPT' => 'text/html,application/xhtml+xml,application/xml;q=0.9,image/avif,image/webp,image/apng,*/*;q=0.8,application/signed-exchange;v=b3;q=0.9'
    'HTTP_ACCEPT_ENCODING' => 'gzip, deflate'
    'HTTP_ACCEPT_LANGUAGE' => 'ru-RU,ru;q=0.9,en-US;q=0.8,en;q=0.7,uk;q=0.6'
    'HTTP_COOKIE' => 'advanced-backend=5grtp2qsugpfe6bjutijdsnpf387s79g; _csrf-backend=cd2ed9e54ce3db812ff17f324aabbdccb4c0bb6e7e9b9263aafb559a047300e0a%3A2%3A%7Bi%3A0%3Bs%3A13%3A%22_csrf-backend%22%3Bi%3A1%3Bs%3A32%3A%22cUkwt8JAzz7HLhOc-0vN0X4Ooen_NqYs%22%3B%7D'
    'PATH' => 'w:\\modules\\php\\PHP_7.3\\ext;w:\\modules\\php\\PHP_7.3\\pear;w:\\modules\\php\\PHP_7.3\\pear\\bin;w:\\modules\\php\\PHP_7.3;w:\\modules\\wget\\bin;w:\\modules\\database\\MySQL-8.0\\bin;w:\\modules\\memcached\\Memcached-1.5;w:\\modules\\http\\Apache_2.4-PHP_7.2-7.4\\bin;w:\\modules\\http\\Apache_2.4-PHP_7.2-7.4;C:\\Windows\\system32;C:\\Windows;C:\\Windows\\system32\\Wbem;C:\\Windows\\SysWOW64'
    'SystemRoot' => 'C:\\Windows'
    'COMSPEC' => 'C:\\Windows\\system32\\cmd.exe'
    'PATHEXT' => '.COM;.EXE;.BAT;.CMD;.VBS;.VBE;.JS;.JSE;.WSF;.WSH;.MSC'
    'WINDIR' => 'C:\\Windows'
    'SERVER_SIGNATURE' => ''
    'SERVER_SOFTWARE' => 'Apache'
    'SERVER_NAME' => 'admin.yii.loc'
    'SERVER_ADDR' => '127.0.0.1'
    'SERVER_PORT' => '80'
    'REMOTE_ADDR' => '127.0.0.1'
    'DOCUMENT_ROOT' => 'W:/domains/yiiCms/backend/web'
    'REQUEST_SCHEME' => 'http'
    'CONTEXT_PREFIX' => ''
    'CONTEXT_DOCUMENT_ROOT' => 'W:/domains/yiiCms/backend/web'
    'SERVER_ADMIN' => '[no address given]'
    'SCRIPT_FILENAME' => 'W:/domains/yiiCms/backend/web/index.php'
    'REMOTE_PORT' => '55800'
    'GATEWAY_INTERFACE' => 'CGI/1.1'
    'SERVER_PROTOCOL' => 'HTTP/1.1'
    'REQUEST_METHOD' => 'GET'
    'QUERY_STRING' => 'r=site%2Flogin'
    'REQUEST_URI' => '/index.php?r=site%2Flogin'
    'SCRIPT_NAME' => '/index.php'
    'PHP_SELF' => '/index.php'
    'REQUEST_TIME_FLOAT' => 1617885160.494
    'REQUEST_TIME' => 1617885160
    'argv' => [
        0 => 'r=site%2Flogin'
    ]
    'argc' => 1
]
2021-04-08 15:36:08 [127.0.0.1][-][5grtp2qsugpfe6bjutijdsnpf387s79g][error][Error] Error: Class 'dmstr\web\AdminLteAsset' not found in W:\domains\yiiCms\backend\views\layouts\main.php:14
Stack trace:
#0 W:\domains\yiiCms\vendor\yiisoft\yii2\base\View.php(348): require()
#1 W:\domains\yiiCms\vendor\yiisoft\yii2\base\View.php(257): yii\base\View->renderPhpFile('W:\\domains\\yiiC...', Array)
#2 W:\domains\yiiCms\vendor\yiisoft\yii2\base\Controller.php(425): yii\base\View->renderFile('W:\\domains\\yiiC...', Array, Object(backend\controllers\SiteController))
#3 W:\domains\yiiCms\vendor\yiisoft\yii2\base\Controller.php(411): yii\base\Controller->renderContent('<div class="sit...')
#4 W:\domains\yiiCms\backend\controllers\SiteController.php(49): yii\base\Controller->render('index')
#5 [internal function]: backend\controllers\SiteController->actionIndex()
#6 W:\domains\yiiCms\vendor\yiisoft\yii2\base\InlineAction.php(57): call_user_func_array(Array, Array)
#7 W:\domains\yiiCms\vendor\yiisoft\yii2\base\Controller.php(181): yii\base\InlineAction->runWithParams(Array)
#8 W:\domains\yiiCms\vendor\yiisoft\yii2\base\Module.php(534): yii\base\Controller->runAction('', Array)
#9 W:\domains\yiiCms\vendor\yiisoft\yii2\web\Application.php(104): yii\base\Module->runAction('', Array)
#10 W:\domains\yiiCms\vendor\yiisoft\yii2\base\Application.php(392): yii\web\Application->handleRequest(Object(yii\web\Request))
#11 W:\domains\yiiCms\backend\web\index.php(17): yii\base\Application->run()
#12 {main}
2021-04-08 15:36:08 [127.0.0.1][-][5grtp2qsugpfe6bjutijdsnpf387s79g][info][application] $_GET = []

$_POST = []

$_FILES = []

$_COOKIE = [
    'advanced-backend' => '5grtp2qsugpfe6bjutijdsnpf387s79g'
    '_csrf-backend' => 'cd2ed9e54ce3db812ff17f324aabbdccb4c0bb6e7e9b9263aafb559a047300e0a:2:{i:0;s:13:\"_csrf-backend\";i:1;s:32:\"cUkwt8JAzz7HLhOc-0vN0X4Ooen_NqYs\";}'
]

$_SESSION = [
    '__flash' => []
]

$_SERVER = [
    'HTTP_HOST' => 'admin.yii.loc'
    'HTTP_CONNECTION' => 'keep-alive'
    'HTTP_UPGRADE_INSECURE_REQUESTS' => '1'
    'HTTP_USER_AGENT' => 'Mozilla/5.0 (Windows NT 10.0; Win64; x64) AppleWebKit/537.36 (KHTML, like Gecko) Chrome/89.0.4389.114 Safari/537.36'
    'HTTP_ACCEPT' => 'text/html,application/xhtml+xml,application/xml;q=0.9,image/avif,image/webp,image/apng,*/*;q=0.8,application/signed-exchange;v=b3;q=0.9'
    'HTTP_ACCEPT_ENCODING' => 'gzip, deflate'
    'HTTP_ACCEPT_LANGUAGE' => 'ru-RU,ru;q=0.9,en-US;q=0.8,en;q=0.7,uk;q=0.6'
    'HTTP_COOKIE' => 'advanced-backend=5grtp2qsugpfe6bjutijdsnpf387s79g; _csrf-backend=cd2ed9e54ce3db812ff17f324aabbdccb4c0bb6e7e9b9263aafb559a047300e0a%3A2%3A%7Bi%3A0%3Bs%3A13%3A%22_csrf-backend%22%3Bi%3A1%3Bs%3A32%3A%22cUkwt8JAzz7HLhOc-0vN0X4Ooen_NqYs%22%3B%7D'
    'PATH' => 'w:\\modules\\php\\PHP_7.3\\ext;w:\\modules\\php\\PHP_7.3\\pear;w:\\modules\\php\\PHP_7.3\\pear\\bin;w:\\modules\\php\\PHP_7.3;w:\\modules\\wget\\bin;w:\\modules\\database\\MySQL-8.0\\bin;w:\\modules\\memcached\\Memcached-1.5;w:\\modules\\http\\Apache_2.4-PHP_7.2-7.4\\bin;w:\\modules\\http\\Apache_2.4-PHP_7.2-7.4;C:\\Windows\\system32;C:\\Windows;C:\\Windows\\system32\\Wbem;C:\\Windows\\SysWOW64'
    'SystemRoot' => 'C:\\Windows'
    'COMSPEC' => 'C:\\Windows\\system32\\cmd.exe'
    'PATHEXT' => '.COM;.EXE;.BAT;.CMD;.VBS;.VBE;.JS;.JSE;.WSF;.WSH;.MSC'
    'WINDIR' => 'C:\\Windows'
    'SERVER_SIGNATURE' => ''
    'SERVER_SOFTWARE' => 'Apache'
    'SERVER_NAME' => 'admin.yii.loc'
    'SERVER_ADDR' => '127.0.0.1'
    'SERVER_PORT' => '80'
    'REMOTE_ADDR' => '127.0.0.1'
    'DOCUMENT_ROOT' => 'W:/domains/yiiCms/backend/web'
    'REQUEST_SCHEME' => 'http'
    'CONTEXT_PREFIX' => ''
    'CONTEXT_DOCUMENT_ROOT' => 'W:/domains/yiiCms/backend/web'
    'SERVER_ADMIN' => '[no address given]'
    'SCRIPT_FILENAME' => 'W:/domains/yiiCms/backend/web/index.php'
    'REMOTE_PORT' => '55970'
    'GATEWAY_INTERFACE' => 'CGI/1.1'
    'SERVER_PROTOCOL' => 'HTTP/1.1'
    'REQUEST_METHOD' => 'GET'
    'QUERY_STRING' => ''
    'REQUEST_URI' => '/'
    'SCRIPT_NAME' => '/index.php'
    'PHP_SELF' => '/index.php'
    'REQUEST_TIME_FLOAT' => 1617885368.351
    'REQUEST_TIME' => 1617885368
    'argv' => []
    'argc' => 0
]
2021-04-08 15:37:15 [127.0.0.1][1][bgq9boirrmuop630q7c4ddjllkej6j0o][error][Error] Error: Class 'dmstr\web\AdminLteAsset' not found in W:\domains\yiiCms\backend\views\layouts\main.php:14
Stack trace:
#0 W:\domains\yiiCms\vendor\yiisoft\yii2\base\View.php(348): require()
#1 W:\domains\yiiCms\vendor\yiisoft\yii2\base\View.php(257): yii\base\View->renderPhpFile('W:\\domains\\yiiC...', Array)
#2 W:\domains\yiiCms\vendor\yiisoft\yii2\base\Controller.php(425): yii\base\View->renderFile('W:\\domains\\yiiC...', Array, Object(backend\controllers\SiteController))
#3 W:\domains\yiiCms\vendor\yiisoft\yii2\base\Controller.php(411): yii\base\Controller->renderContent('<div class="sit...')
#4 W:\domains\yiiCms\backend\controllers\SiteController.php(63): yii\base\Controller->render('index')
#5 [internal function]: backend\controllers\SiteController->actionIndex()
#6 W:\domains\yiiCms\vendor\yiisoft\yii2\base\InlineAction.php(57): call_user_func_array(Array, Array)
#7 W:\domains\yiiCms\vendor\yiisoft\yii2\base\Controller.php(181): yii\base\InlineAction->runWithParams(Array)
#8 W:\domains\yiiCms\vendor\yiisoft\yii2\base\Module.php(534): yii\base\Controller->runAction('', Array)
#9 W:\domains\yiiCms\vendor\yiisoft\yii2\web\Application.php(104): yii\base\Module->runAction('', Array)
#10 W:\domains\yiiCms\vendor\yiisoft\yii2\base\Application.php(392): yii\web\Application->handleRequest(Object(yii\web\Request))
#11 W:\domains\yiiCms\backend\web\index.php(17): yii\base\Application->run()
#12 {main}
2021-04-08 15:37:15 [127.0.0.1][1][bgq9boirrmuop630q7c4ddjllkej6j0o][info][application] $_GET = []

$_POST = []

$_FILES = []

$_COOKIE = [
    'advanced-backend' => 'bgq9boirrmuop630q7c4ddjllkej6j0o'
    '_identity-backend' => '49103fd919c637fe346417b1273565419effdda16d0e9215337091a65a30523da:2:{i:0;s:17:\"_identity-backend\";i:1;s:46:\"[1,\"ZqbJAyS1WOsJVRrlOb9xrML_uxnWm9WO\",2592000]\";}'
    '_csrf-backend' => '9514e28aedc6744cbd29c9b1171b4e9a59ee2153558caf4d67bb03180dcd933fa:2:{i:0;s:13:\"_csrf-backend\";i:1;s:32:\"CygggPhdYHk9a0gTQLQbEQ3Gl_AbtxYY\";}'
]

$_SESSION = [
    '__flash' => []
    '__returnUrl' => 'http://admin.yii.loc/'
    '__id' => 1
    '__authKey' => 'ZqbJAyS1WOsJVRrlOb9xrML_uxnWm9WO'
]

$_SERVER = [
    'HTTP_HOST' => 'admin.yii.loc'
    'HTTP_CONNECTION' => 'keep-alive'
    'HTTP_CACHE_CONTROL' => 'max-age=0'
    'HTTP_UPGRADE_INSECURE_REQUESTS' => '1'
    'HTTP_USER_AGENT' => 'Mozilla/5.0 (Windows NT 10.0; Win64; x64) AppleWebKit/537.36 (KHTML, like Gecko) Chrome/89.0.4389.114 Safari/537.36'
    'HTTP_ACCEPT' => 'text/html,application/xhtml+xml,application/xml;q=0.9,image/avif,image/webp,image/apng,*/*;q=0.8,application/signed-exchange;v=b3;q=0.9'
    'HTTP_REFERER' => 'http://admin.yii.loc/index.php?r=site%2Flogin'
    'HTTP_ACCEPT_ENCODING' => 'gzip, deflate'
    'HTTP_ACCEPT_LANGUAGE' => 'ru-RU,ru;q=0.9,en-US;q=0.8,en;q=0.7,uk;q=0.6'
    'HTTP_COOKIE' => 'advanced-backend=bgq9boirrmuop630q7c4ddjllkej6j0o; _identity-backend=49103fd919c637fe346417b1273565419effdda16d0e9215337091a65a30523da%3A2%3A%7Bi%3A0%3Bs%3A17%3A%22_identity-backend%22%3Bi%3A1%3Bs%3A46%3A%22%5B1%2C%22ZqbJAyS1WOsJVRrlOb9xrML_uxnWm9WO%22%2C2592000%5D%22%3B%7D; _csrf-backend=9514e28aedc6744cbd29c9b1171b4e9a59ee2153558caf4d67bb03180dcd933fa%3A2%3A%7Bi%3A0%3Bs%3A13%3A%22_csrf-backend%22%3Bi%3A1%3Bs%3A32%3A%22CygggPhdYHk9a0gTQLQbEQ3Gl_AbtxYY%22%3B%7D'
    'PATH' => 'w:\\modules\\php\\PHP_7.3\\ext;w:\\modules\\php\\PHP_7.3\\pear;w:\\modules\\php\\PHP_7.3\\pear\\bin;w:\\modules\\php\\PHP_7.3;w:\\modules\\wget\\bin;w:\\modules\\database\\MySQL-8.0\\bin;w:\\modules\\memcached\\Memcached-1.5;w:\\modules\\http\\Apache_2.4-PHP_7.2-7.4\\bin;w:\\modules\\http\\Apache_2.4-PHP_7.2-7.4;C:\\Windows\\system32;C:\\Windows;C:\\Windows\\system32\\Wbem;C:\\Windows\\SysWOW64'
    'SystemRoot' => 'C:\\Windows'
    'COMSPEC' => 'C:\\Windows\\system32\\cmd.exe'
    'PATHEXT' => '.COM;.EXE;.BAT;.CMD;.VBS;.VBE;.JS;.JSE;.WSF;.WSH;.MSC'
    'WINDIR' => 'C:\\Windows'
    'SERVER_SIGNATURE' => ''
    'SERVER_SOFTWARE' => 'Apache'
    'SERVER_NAME' => 'admin.yii.loc'
    'SERVER_ADDR' => '127.0.0.1'
    'SERVER_PORT' => '80'
    'REMOTE_ADDR' => '127.0.0.1'
    'DOCUMENT_ROOT' => 'W:/domains/yiiCms/backend/web'
    'REQUEST_SCHEME' => 'http'
    'CONTEXT_PREFIX' => ''
    'CONTEXT_DOCUMENT_ROOT' => 'W:/domains/yiiCms/backend/web'
    'SERVER_ADMIN' => '[no address given]'
    'SCRIPT_FILENAME' => 'W:/domains/yiiCms/backend/web/index.php'
    'REMOTE_PORT' => '56003'
    'GATEWAY_INTERFACE' => 'CGI/1.1'
    'SERVER_PROTOCOL' => 'HTTP/1.1'
    'REQUEST_METHOD' => 'GET'
    'QUERY_STRING' => ''
    'REQUEST_URI' => '/'
    'SCRIPT_NAME' => '/index.php'
    'PHP_SELF' => '/index.php'
    'REQUEST_TIME_FLOAT' => 1617885435.853
    'REQUEST_TIME' => 1617885435
    'argv' => []
    'argc' => 0
]
2021-04-08 15:39:05 [127.0.0.1][1][bgq9boirrmuop630q7c4ddjllkej6j0o][error][Error] Error: Class 'dmstr\widgets\Menu' not found in W:\domains\yiiCms\backend\views\layouts\left.php:19
Stack trace:
#0 W:\domains\yiiCms\vendor\yiisoft\yii2\base\View.php(348): require()
#1 W:\domains\yiiCms\vendor\yiisoft\yii2\base\View.php(257): yii\base\View->renderPhpFile('W:\\domains\\yiiC...', Array)
#2 W:\domains\yiiCms\vendor\yiisoft\yii2\base\View.php(156): yii\base\View->renderFile('W:\\domains\\yiiC...', Array, NULL)
#3 W:\domains\yiiCms\backend\views\layouts\main.php(39): yii\base\View->render('left.php', Array)
#4 W:\domains\yiiCms\vendor\yiisoft\yii2\base\View.php(348): require('W:\\domains\\yiiC...')
#5 W:\domains\yiiCms\vendor\yiisoft\yii2\base\View.php(257): yii\base\View->renderPhpFile('W:\\domains\\yiiC...', Array)
#6 W:\domains\yiiCms\vendor\yiisoft\yii2\base\Controller.php(425): yii\base\View->renderFile('W:\\domains\\yiiC...', Array, Object(backend\controllers\SiteController))
#7 W:\domains\yiiCms\vendor\yiisoft\yii2\base\Controller.php(411): yii\base\Controller->renderContent('<div class="sit...')
#8 W:\domains\yiiCms\backend\controllers\SiteController.php(63): yii\base\Controller->render('index')
#9 [internal function]: backend\controllers\SiteController->actionIndex()
#10 W:\domains\yiiCms\vendor\yiisoft\yii2\base\InlineAction.php(57): call_user_func_array(Array, Array)
#11 W:\domains\yiiCms\vendor\yiisoft\yii2\base\Controller.php(181): yii\base\InlineAction->runWithParams(Array)
#12 W:\domains\yiiCms\vendor\yiisoft\yii2\base\Module.php(534): yii\base\Controller->runAction('', Array)
#13 W:\domains\yiiCms\vendor\yiisoft\yii2\web\Application.php(104): yii\base\Module->runAction('', Array)
#14 W:\domains\yiiCms\vendor\yiisoft\yii2\base\Application.php(392): yii\web\Application->handleRequest(Object(yii\web\Request))
#15 W:\domains\yiiCms\backend\web\index.php(17): yii\base\Application->run()
#16 {main}
2021-04-08 15:39:05 [127.0.0.1][1][bgq9boirrmuop630q7c4ddjllkej6j0o][info][application] $_GET = []

$_POST = []

$_FILES = []

$_COOKIE = [
    'advanced-backend' => 'bgq9boirrmuop630q7c4ddjllkej6j0o'
    '_identity-backend' => '49103fd919c637fe346417b1273565419effdda16d0e9215337091a65a30523da:2:{i:0;s:17:\"_identity-backend\";i:1;s:46:\"[1,\"ZqbJAyS1WOsJVRrlOb9xrML_uxnWm9WO\",2592000]\";}'
    '_csrf-backend' => '9514e28aedc6744cbd29c9b1171b4e9a59ee2153558caf4d67bb03180dcd933fa:2:{i:0;s:13:\"_csrf-backend\";i:1;s:32:\"CygggPhdYHk9a0gTQLQbEQ3Gl_AbtxYY\";}'
]

$_SESSION = [
    '__flash' => []
    '__returnUrl' => 'http://admin.yii.loc/'
    '__id' => 1
    '__authKey' => 'ZqbJAyS1WOsJVRrlOb9xrML_uxnWm9WO'
]

$_SERVER = [
    'HTTP_HOST' => 'admin.yii.loc'
    'HTTP_CONNECTION' => 'keep-alive'
    'HTTP_CACHE_CONTROL' => 'max-age=0'
    'HTTP_UPGRADE_INSECURE_REQUESTS' => '1'
    'HTTP_USER_AGENT' => 'Mozilla/5.0 (Windows NT 10.0; Win64; x64) AppleWebKit/537.36 (KHTML, like Gecko) Chrome/89.0.4389.114 Safari/537.36'
    'HTTP_ACCEPT' => 'text/html,application/xhtml+xml,application/xml;q=0.9,image/avif,image/webp,image/apng,*/*;q=0.8,application/signed-exchange;v=b3;q=0.9'
    'HTTP_REFERER' => 'http://admin.yii.loc/index.php?r=site%2Flogin'
    'HTTP_ACCEPT_ENCODING' => 'gzip, deflate'
    'HTTP_ACCEPT_LANGUAGE' => 'ru-RU,ru;q=0.9,en-US;q=0.8,en;q=0.7,uk;q=0.6'
    'HTTP_COOKIE' => 'advanced-backend=bgq9boirrmuop630q7c4ddjllkej6j0o; _identity-backend=49103fd919c637fe346417b1273565419effdda16d0e9215337091a65a30523da%3A2%3A%7Bi%3A0%3Bs%3A17%3A%22_identity-backend%22%3Bi%3A1%3Bs%3A46%3A%22%5B1%2C%22ZqbJAyS1WOsJVRrlOb9xrML_uxnWm9WO%22%2C2592000%5D%22%3B%7D; _csrf-backend=9514e28aedc6744cbd29c9b1171b4e9a59ee2153558caf4d67bb03180dcd933fa%3A2%3A%7Bi%3A0%3Bs%3A13%3A%22_csrf-backend%22%3Bi%3A1%3Bs%3A32%3A%22CygggPhdYHk9a0gTQLQbEQ3Gl_AbtxYY%22%3B%7D'
    'PATH' => 'w:\\modules\\php\\PHP_7.3\\ext;w:\\modules\\php\\PHP_7.3\\pear;w:\\modules\\php\\PHP_7.3\\pear\\bin;w:\\modules\\php\\PHP_7.3;w:\\modules\\wget\\bin;w:\\modules\\database\\MySQL-8.0\\bin;w:\\modules\\memcached\\Memcached-1.5;w:\\modules\\http\\Apache_2.4-PHP_7.2-7.4\\bin;w:\\modules\\http\\Apache_2.4-PHP_7.2-7.4;C:\\Windows\\system32;C:\\Windows;C:\\Windows\\system32\\Wbem;C:\\Windows\\SysWOW64'
    'SystemRoot' => 'C:\\Windows'
    'COMSPEC' => 'C:\\Windows\\system32\\cmd.exe'
    'PATHEXT' => '.COM;.EXE;.BAT;.CMD;.VBS;.VBE;.JS;.JSE;.WSF;.WSH;.MSC'
    'WINDIR' => 'C:\\Windows'
    'SERVER_SIGNATURE' => ''
    'SERVER_SOFTWARE' => 'Apache'
    'SERVER_NAME' => 'admin.yii.loc'
    'SERVER_ADDR' => '127.0.0.1'
    'SERVER_PORT' => '80'
    'REMOTE_ADDR' => '127.0.0.1'
    'DOCUMENT_ROOT' => 'W:/domains/yiiCms/backend/web'
    'REQUEST_SCHEME' => 'http'
    'CONTEXT_PREFIX' => ''
    'CONTEXT_DOCUMENT_ROOT' => 'W:/domains/yiiCms/backend/web'
    'SERVER_ADMIN' => '[no address given]'
    'SCRIPT_FILENAME' => 'W:/domains/yiiCms/backend/web/index.php'
    'REMOTE_PORT' => '56001'
    'GATEWAY_INTERFACE' => 'CGI/1.1'
    'SERVER_PROTOCOL' => 'HTTP/1.1'
    'REQUEST_METHOD' => 'GET'
    'QUERY_STRING' => ''
    'REQUEST_URI' => '/'
    'SCRIPT_NAME' => '/index.php'
    'PHP_SELF' => '/index.php'
    'REQUEST_TIME_FLOAT' => 1617885545.162
    'REQUEST_TIME' => 1617885545
    'argv' => []
    'argc' => 0
]
2021-04-08 15:39:07 [127.0.0.1][1][bgq9boirrmuop630q7c4ddjllkej6j0o][error][Error] Error: Class 'dmstr\widgets\Menu' not found in W:\domains\yiiCms\backend\views\layouts\left.php:19
Stack trace:
#0 W:\domains\yiiCms\vendor\yiisoft\yii2\base\View.php(348): require()
#1 W:\domains\yiiCms\vendor\yiisoft\yii2\base\View.php(257): yii\base\View->renderPhpFile('W:\\domains\\yiiC...', Array)
#2 W:\domains\yiiCms\vendor\yiisoft\yii2\base\View.php(156): yii\base\View->renderFile('W:\\domains\\yiiC...', Array, NULL)
#3 W:\domains\yiiCms\backend\views\layouts\main.php(39): yii\base\View->render('left.php', Array)
#4 W:\domains\yiiCms\vendor\yiisoft\yii2\base\View.php(348): require('W:\\domains\\yiiC...')
#5 W:\domains\yiiCms\vendor\yiisoft\yii2\base\View.php(257): yii\base\View->renderPhpFile('W:\\domains\\yiiC...', Array)
#6 W:\domains\yiiCms\vendor\yiisoft\yii2\base\Controller.php(425): yii\base\View->renderFile('W:\\domains\\yiiC...', Array, Object(backend\controllers\SiteController))
#7 W:\domains\yiiCms\vendor\yiisoft\yii2\base\Controller.php(411): yii\base\Controller->renderContent('<div class="sit...')
#8 W:\domains\yiiCms\backend\controllers\SiteController.php(63): yii\base\Controller->render('index')
#9 [internal function]: backend\controllers\SiteController->actionIndex()
#10 W:\domains\yiiCms\vendor\yiisoft\yii2\base\InlineAction.php(57): call_user_func_array(Array, Array)
#11 W:\domains\yiiCms\vendor\yiisoft\yii2\base\Controller.php(181): yii\base\InlineAction->runWithParams(Array)
#12 W:\domains\yiiCms\vendor\yiisoft\yii2\base\Module.php(534): yii\base\Controller->runAction('', Array)
#13 W:\domains\yiiCms\vendor\yiisoft\yii2\web\Application.php(104): yii\base\Module->runAction('', Array)
#14 W:\domains\yiiCms\vendor\yiisoft\yii2\base\Application.php(392): yii\web\Application->handleRequest(Object(yii\web\Request))
#15 W:\domains\yiiCms\backend\web\index.php(17): yii\base\Application->run()
#16 {main}
2021-04-08 15:39:07 [127.0.0.1][1][bgq9boirrmuop630q7c4ddjllkej6j0o][info][application] $_GET = []

$_POST = []

$_FILES = []

$_COOKIE = [
    'advanced-backend' => 'bgq9boirrmuop630q7c4ddjllkej6j0o'
    '_identity-backend' => '49103fd919c637fe346417b1273565419effdda16d0e9215337091a65a30523da:2:{i:0;s:17:\"_identity-backend\";i:1;s:46:\"[1,\"ZqbJAyS1WOsJVRrlOb9xrML_uxnWm9WO\",2592000]\";}'
    '_csrf-backend' => '9514e28aedc6744cbd29c9b1171b4e9a59ee2153558caf4d67bb03180dcd933fa:2:{i:0;s:13:\"_csrf-backend\";i:1;s:32:\"CygggPhdYHk9a0gTQLQbEQ3Gl_AbtxYY\";}'
]

$_SESSION = [
    '__flash' => []
    '__returnUrl' => 'http://admin.yii.loc/'
    '__id' => 1
    '__authKey' => 'ZqbJAyS1WOsJVRrlOb9xrML_uxnWm9WO'
]

$_SERVER = [
    'HTTP_HOST' => 'admin.yii.loc'
    'HTTP_CONNECTION' => 'keep-alive'
    'HTTP_CACHE_CONTROL' => 'max-age=0'
    'HTTP_UPGRADE_INSECURE_REQUESTS' => '1'
    'HTTP_USER_AGENT' => 'Mozilla/5.0 (Windows NT 10.0; Win64; x64) AppleWebKit/537.36 (KHTML, like Gecko) Chrome/89.0.4389.114 Safari/537.36'
    'HTTP_ACCEPT' => 'text/html,application/xhtml+xml,application/xml;q=0.9,image/avif,image/webp,image/apng,*/*;q=0.8,application/signed-exchange;v=b3;q=0.9'
    'HTTP_REFERER' => 'http://admin.yii.loc/index.php?r=site%2Flogin'
    'HTTP_ACCEPT_ENCODING' => 'gzip, deflate'
    'HTTP_ACCEPT_LANGUAGE' => 'ru-RU,ru;q=0.9,en-US;q=0.8,en;q=0.7,uk;q=0.6'
    'HTTP_COOKIE' => 'advanced-backend=bgq9boirrmuop630q7c4ddjllkej6j0o; _identity-backend=49103fd919c637fe346417b1273565419effdda16d0e9215337091a65a30523da%3A2%3A%7Bi%3A0%3Bs%3A17%3A%22_identity-backend%22%3Bi%3A1%3Bs%3A46%3A%22%5B1%2C%22ZqbJAyS1WOsJVRrlOb9xrML_uxnWm9WO%22%2C2592000%5D%22%3B%7D; _csrf-backend=9514e28aedc6744cbd29c9b1171b4e9a59ee2153558caf4d67bb03180dcd933fa%3A2%3A%7Bi%3A0%3Bs%3A13%3A%22_csrf-backend%22%3Bi%3A1%3Bs%3A32%3A%22CygggPhdYHk9a0gTQLQbEQ3Gl_AbtxYY%22%3B%7D'
    'PATH' => 'w:\\modules\\php\\PHP_7.3\\ext;w:\\modules\\php\\PHP_7.3\\pear;w:\\modules\\php\\PHP_7.3\\pear\\bin;w:\\modules\\php\\PHP_7.3;w:\\modules\\wget\\bin;w:\\modules\\database\\MySQL-8.0\\bin;w:\\modules\\memcached\\Memcached-1.5;w:\\modules\\http\\Apache_2.4-PHP_7.2-7.4\\bin;w:\\modules\\http\\Apache_2.4-PHP_7.2-7.4;C:\\Windows\\system32;C:\\Windows;C:\\Windows\\system32\\Wbem;C:\\Windows\\SysWOW64'
    'SystemRoot' => 'C:\\Windows'
    'COMSPEC' => 'C:\\Windows\\system32\\cmd.exe'
    'PATHEXT' => '.COM;.EXE;.BAT;.CMD;.VBS;.VBE;.JS;.JSE;.WSF;.WSH;.MSC'
    'WINDIR' => 'C:\\Windows'
    'SERVER_SIGNATURE' => ''
    'SERVER_SOFTWARE' => 'Apache'
    'SERVER_NAME' => 'admin.yii.loc'
    'SERVER_ADDR' => '127.0.0.1'
    'SERVER_PORT' => '80'
    'REMOTE_ADDR' => '127.0.0.1'
    'DOCUMENT_ROOT' => 'W:/domains/yiiCms/backend/web'
    'REQUEST_SCHEME' => 'http'
    'CONTEXT_PREFIX' => ''
    'CONTEXT_DOCUMENT_ROOT' => 'W:/domains/yiiCms/backend/web'
    'SERVER_ADMIN' => '[no address given]'
    'SCRIPT_FILENAME' => 'W:/domains/yiiCms/backend/web/index.php'
    'REMOTE_PORT' => '56105'
    'GATEWAY_INTERFACE' => 'CGI/1.1'
    'SERVER_PROTOCOL' => 'HTTP/1.1'
    'REQUEST_METHOD' => 'GET'
    'QUERY_STRING' => ''
    'REQUEST_URI' => '/'
    'SCRIPT_NAME' => '/index.php'
    'PHP_SELF' => '/index.php'
    'REQUEST_TIME_FLOAT' => 1617885547.143
    'REQUEST_TIME' => 1617885547
    'argv' => []
    'argc' => 0
]
2021-04-08 15:39:08 [127.0.0.1][1][bgq9boirrmuop630q7c4ddjllkej6j0o][error][Error] Error: Class 'dmstr\widgets\Menu' not found in W:\domains\yiiCms\backend\views\layouts\left.php:19
Stack trace:
#0 W:\domains\yiiCms\vendor\yiisoft\yii2\base\View.php(348): require()
#1 W:\domains\yiiCms\vendor\yiisoft\yii2\base\View.php(257): yii\base\View->renderPhpFile('W:\\domains\\yiiC...', Array)
#2 W:\domains\yiiCms\vendor\yiisoft\yii2\base\View.php(156): yii\base\View->renderFile('W:\\domains\\yiiC...', Array, NULL)
#3 W:\domains\yiiCms\backend\views\layouts\main.php(39): yii\base\View->render('left.php', Array)
#4 W:\domains\yiiCms\vendor\yiisoft\yii2\base\View.php(348): require('W:\\domains\\yiiC...')
#5 W:\domains\yiiCms\vendor\yiisoft\yii2\base\View.php(257): yii\base\View->renderPhpFile('W:\\domains\\yiiC...', Array)
#6 W:\domains\yiiCms\vendor\yiisoft\yii2\base\Controller.php(425): yii\base\View->renderFile('W:\\domains\\yiiC...', Array, Object(backend\controllers\SiteController))
#7 W:\domains\yiiCms\vendor\yiisoft\yii2\base\Controller.php(411): yii\base\Controller->renderContent('<div class="sit...')
#8 W:\domains\yiiCms\backend\controllers\SiteController.php(63): yii\base\Controller->render('index')
#9 [internal function]: backend\controllers\SiteController->actionIndex()
#10 W:\domains\yiiCms\vendor\yiisoft\yii2\base\InlineAction.php(57): call_user_func_array(Array, Array)
#11 W:\domains\yiiCms\vendor\yiisoft\yii2\base\Controller.php(181): yii\base\InlineAction->runWithParams(Array)
#12 W:\domains\yiiCms\vendor\yiisoft\yii2\base\Module.php(534): yii\base\Controller->runAction('', Array)
#13 W:\domains\yiiCms\vendor\yiisoft\yii2\web\Application.php(104): yii\base\Module->runAction('', Array)
#14 W:\domains\yiiCms\vendor\yiisoft\yii2\base\Application.php(392): yii\web\Application->handleRequest(Object(yii\web\Request))
#15 W:\domains\yiiCms\backend\web\index.php(17): yii\base\Application->run()
#16 {main}
2021-04-08 15:39:08 [127.0.0.1][1][bgq9boirrmuop630q7c4ddjllkej6j0o][info][application] $_GET = []

$_POST = []

$_FILES = []

$_COOKIE = [
    'advanced-backend' => 'bgq9boirrmuop630q7c4ddjllkej6j0o'
    '_identity-backend' => '49103fd919c637fe346417b1273565419effdda16d0e9215337091a65a30523da:2:{i:0;s:17:\"_identity-backend\";i:1;s:46:\"[1,\"ZqbJAyS1WOsJVRrlOb9xrML_uxnWm9WO\",2592000]\";}'
    '_csrf-backend' => '9514e28aedc6744cbd29c9b1171b4e9a59ee2153558caf4d67bb03180dcd933fa:2:{i:0;s:13:\"_csrf-backend\";i:1;s:32:\"CygggPhdYHk9a0gTQLQbEQ3Gl_AbtxYY\";}'
]

$_SESSION = [
    '__flash' => []
    '__returnUrl' => 'http://admin.yii.loc/'
    '__id' => 1
    '__authKey' => 'ZqbJAyS1WOsJVRrlOb9xrML_uxnWm9WO'
]

$_SERVER = [
    'HTTP_HOST' => 'admin.yii.loc'
    'HTTP_CONNECTION' => 'keep-alive'
    'HTTP_CACHE_CONTROL' => 'max-age=0'
    'HTTP_UPGRADE_INSECURE_REQUESTS' => '1'
    'HTTP_USER_AGENT' => 'Mozilla/5.0 (Windows NT 10.0; Win64; x64) AppleWebKit/537.36 (KHTML, like Gecko) Chrome/89.0.4389.114 Safari/537.36'
    'HTTP_ACCEPT' => 'text/html,application/xhtml+xml,application/xml;q=0.9,image/avif,image/webp,image/apng,*/*;q=0.8,application/signed-exchange;v=b3;q=0.9'
    'HTTP_REFERER' => 'http://admin.yii.loc/index.php?r=site%2Flogin'
    'HTTP_ACCEPT_ENCODING' => 'gzip, deflate'
    'HTTP_ACCEPT_LANGUAGE' => 'ru-RU,ru;q=0.9,en-US;q=0.8,en;q=0.7,uk;q=0.6'
    'HTTP_COOKIE' => 'advanced-backend=bgq9boirrmuop630q7c4ddjllkej6j0o; _identity-backend=49103fd919c637fe346417b1273565419effdda16d0e9215337091a65a30523da%3A2%3A%7Bi%3A0%3Bs%3A17%3A%22_identity-backend%22%3Bi%3A1%3Bs%3A46%3A%22%5B1%2C%22ZqbJAyS1WOsJVRrlOb9xrML_uxnWm9WO%22%2C2592000%5D%22%3B%7D; _csrf-backend=9514e28aedc6744cbd29c9b1171b4e9a59ee2153558caf4d67bb03180dcd933fa%3A2%3A%7Bi%3A0%3Bs%3A13%3A%22_csrf-backend%22%3Bi%3A1%3Bs%3A32%3A%22CygggPhdYHk9a0gTQLQbEQ3Gl_AbtxYY%22%3B%7D'
    'PATH' => 'w:\\modules\\php\\PHP_7.3\\ext;w:\\modules\\php\\PHP_7.3\\pear;w:\\modules\\php\\PHP_7.3\\pear\\bin;w:\\modules\\php\\PHP_7.3;w:\\modules\\wget\\bin;w:\\modules\\database\\MySQL-8.0\\bin;w:\\modules\\memcached\\Memcached-1.5;w:\\modules\\http\\Apache_2.4-PHP_7.2-7.4\\bin;w:\\modules\\http\\Apache_2.4-PHP_7.2-7.4;C:\\Windows\\system32;C:\\Windows;C:\\Windows\\system32\\Wbem;C:\\Windows\\SysWOW64'
    'SystemRoot' => 'C:\\Windows'
    'COMSPEC' => 'C:\\Windows\\system32\\cmd.exe'
    'PATHEXT' => '.COM;.EXE;.BAT;.CMD;.VBS;.VBE;.JS;.JSE;.WSF;.WSH;.MSC'
    'WINDIR' => 'C:\\Windows'
    'SERVER_SIGNATURE' => ''
    'SERVER_SOFTWARE' => 'Apache'
    'SERVER_NAME' => 'admin.yii.loc'
    'SERVER_ADDR' => '127.0.0.1'
    'SERVER_PORT' => '80'
    'REMOTE_ADDR' => '127.0.0.1'
    'DOCUMENT_ROOT' => 'W:/domains/yiiCms/backend/web'
    'REQUEST_SCHEME' => 'http'
    'CONTEXT_PREFIX' => ''
    'CONTEXT_DOCUMENT_ROOT' => 'W:/domains/yiiCms/backend/web'
    'SERVER_ADMIN' => '[no address given]'
    'SCRIPT_FILENAME' => 'W:/domains/yiiCms/backend/web/index.php'
    'REMOTE_PORT' => '56108'
    'GATEWAY_INTERFACE' => 'CGI/1.1'
    'SERVER_PROTOCOL' => 'HTTP/1.1'
    'REQUEST_METHOD' => 'GET'
    'QUERY_STRING' => ''
    'REQUEST_URI' => '/'
    'SCRIPT_NAME' => '/index.php'
    'PHP_SELF' => '/index.php'
    'REQUEST_TIME_FLOAT' => 1617885548.498
    'REQUEST_TIME' => 1617885548
    'argv' => []
    'argc' => 0
]
2021-04-08 15:55:38 [127.0.0.1][1][bgq9boirrmuop630q7c4ddjllkej6j0o][error][ParseError] ParseError: syntax error, unexpected 'echo' (T_ECHO) in W:\domains\yiiCms\backend\views\layouts\left.php:22
Stack trace:
#0 W:\domains\yiiCms\vendor\yiisoft\yii2\base\View.php(257): yii\base\View->renderPhpFile('W:\\domains\\yiiC...', Array)
#1 W:\domains\yiiCms\vendor\yiisoft\yii2\base\View.php(156): yii\base\View->renderFile('W:\\domains\\yiiC...', Array, NULL)
#2 W:\domains\yiiCms\backend\views\layouts\main.php(39): yii\base\View->render('left.php', Array)
#3 W:\domains\yiiCms\vendor\yiisoft\yii2\base\View.php(348): require('W:\\domains\\yiiC...')
#4 W:\domains\yiiCms\vendor\yiisoft\yii2\base\View.php(257): yii\base\View->renderPhpFile('W:\\domains\\yiiC...', Array)
#5 W:\domains\yiiCms\vendor\yiisoft\yii2\base\Controller.php(425): yii\base\View->renderFile('W:\\domains\\yiiC...', Array, Object(backend\controllers\SiteController))
#6 W:\domains\yiiCms\vendor\yiisoft\yii2\base\Controller.php(411): yii\base\Controller->renderContent('<div class="sit...')
#7 W:\domains\yiiCms\backend\controllers\SiteController.php(63): yii\base\Controller->render('index')
#8 [internal function]: backend\controllers\SiteController->actionIndex()
#9 W:\domains\yiiCms\vendor\yiisoft\yii2\base\InlineAction.php(57): call_user_func_array(Array, Array)
#10 W:\domains\yiiCms\vendor\yiisoft\yii2\base\Controller.php(181): yii\base\InlineAction->runWithParams(Array)
#11 W:\domains\yiiCms\vendor\yiisoft\yii2\base\Module.php(534): yii\base\Controller->runAction('', Array)
#12 W:\domains\yiiCms\vendor\yiisoft\yii2\web\Application.php(104): yii\base\Module->runAction('', Array)
#13 W:\domains\yiiCms\vendor\yiisoft\yii2\base\Application.php(392): yii\web\Application->handleRequest(Object(yii\web\Request))
#14 W:\domains\yiiCms\backend\web\index.php(17): yii\base\Application->run()
#15 {main}
2021-04-08 15:55:38 [127.0.0.1][1][bgq9boirrmuop630q7c4ddjllkej6j0o][info][application] $_GET = []

$_POST = []

$_FILES = []

$_COOKIE = [
    'advanced-backend' => 'bgq9boirrmuop630q7c4ddjllkej6j0o'
    '_identity-backend' => '49103fd919c637fe346417b1273565419effdda16d0e9215337091a65a30523da:2:{i:0;s:17:\"_identity-backend\";i:1;s:46:\"[1,\"ZqbJAyS1WOsJVRrlOb9xrML_uxnWm9WO\",2592000]\";}'
    '_csrf-backend' => '9514e28aedc6744cbd29c9b1171b4e9a59ee2153558caf4d67bb03180dcd933fa:2:{i:0;s:13:\"_csrf-backend\";i:1;s:32:\"CygggPhdYHk9a0gTQLQbEQ3Gl_AbtxYY\";}'
]

$_SESSION = [
    '__flash' => []
    '__returnUrl' => 'http://admin.yii.loc/'
    '__id' => 1
    '__authKey' => 'ZqbJAyS1WOsJVRrlOb9xrML_uxnWm9WO'
]

$_SERVER = [
    'HTTP_HOST' => 'admin.yii.loc'
    'HTTP_CONNECTION' => 'keep-alive'
    'HTTP_CACHE_CONTROL' => 'max-age=0'
    'HTTP_UPGRADE_INSECURE_REQUESTS' => '1'
    'HTTP_USER_AGENT' => 'Mozilla/5.0 (Windows NT 10.0; Win64; x64) AppleWebKit/537.36 (KHTML, like Gecko) Chrome/89.0.4389.114 Safari/537.36'
    'HTTP_ACCEPT' => 'text/html,application/xhtml+xml,application/xml;q=0.9,image/avif,image/webp,image/apng,*/*;q=0.8,application/signed-exchange;v=b3;q=0.9'
    'HTTP_REFERER' => 'http://admin.yii.loc/index.php?r=site%2Flogin'
    'HTTP_ACCEPT_ENCODING' => 'gzip, deflate'
    'HTTP_ACCEPT_LANGUAGE' => 'ru-RU,ru;q=0.9,en-US;q=0.8,en;q=0.7,uk;q=0.6'
    'HTTP_COOKIE' => 'advanced-backend=bgq9boirrmuop630q7c4ddjllkej6j0o; _identity-backend=49103fd919c637fe346417b1273565419effdda16d0e9215337091a65a30523da%3A2%3A%7Bi%3A0%3Bs%3A17%3A%22_identity-backend%22%3Bi%3A1%3Bs%3A46%3A%22%5B1%2C%22ZqbJAyS1WOsJVRrlOb9xrML_uxnWm9WO%22%2C2592000%5D%22%3B%7D; _csrf-backend=9514e28aedc6744cbd29c9b1171b4e9a59ee2153558caf4d67bb03180dcd933fa%3A2%3A%7Bi%3A0%3Bs%3A13%3A%22_csrf-backend%22%3Bi%3A1%3Bs%3A32%3A%22CygggPhdYHk9a0gTQLQbEQ3Gl_AbtxYY%22%3B%7D'
    'PATH' => 'w:\\modules\\php\\PHP_7.3\\ext;w:\\modules\\php\\PHP_7.3\\pear;w:\\modules\\php\\PHP_7.3\\pear\\bin;w:\\modules\\php\\PHP_7.3;w:\\modules\\wget\\bin;w:\\modules\\database\\MySQL-8.0\\bin;w:\\modules\\memcached\\Memcached-1.5;w:\\modules\\http\\Apache_2.4-PHP_7.2-7.4\\bin;w:\\modules\\http\\Apache_2.4-PHP_7.2-7.4;C:\\Windows\\system32;C:\\Windows;C:\\Windows\\system32\\Wbem;C:\\Windows\\SysWOW64'
    'SystemRoot' => 'C:\\Windows'
    'COMSPEC' => 'C:\\Windows\\system32\\cmd.exe'
    'PATHEXT' => '.COM;.EXE;.BAT;.CMD;.VBS;.VBE;.JS;.JSE;.WSF;.WSH;.MSC'
    'WINDIR' => 'C:\\Windows'
    'SERVER_SIGNATURE' => ''
    'SERVER_SOFTWARE' => 'Apache'
    'SERVER_NAME' => 'admin.yii.loc'
    'SERVER_ADDR' => '127.0.0.1'
    'SERVER_PORT' => '80'
    'REMOTE_ADDR' => '127.0.0.1'
    'DOCUMENT_ROOT' => 'W:/domains/yiiCms/backend/web'
    'REQUEST_SCHEME' => 'http'
    'CONTEXT_PREFIX' => ''
    'CONTEXT_DOCUMENT_ROOT' => 'W:/domains/yiiCms/backend/web'
    'SERVER_ADMIN' => '[no address given]'
    'SCRIPT_FILENAME' => 'W:/domains/yiiCms/backend/web/index.php'
    'REMOTE_PORT' => '57076'
    'GATEWAY_INTERFACE' => 'CGI/1.1'
    'SERVER_PROTOCOL' => 'HTTP/1.1'
    'REQUEST_METHOD' => 'GET'
    'QUERY_STRING' => ''
    'REQUEST_URI' => '/'
    'SCRIPT_NAME' => '/index.php'
    'PHP_SELF' => '/index.php'
    'REQUEST_TIME_FLOAT' => 1617886538.489
    'REQUEST_TIME' => 1617886538
    'argv' => []
    'argc' => 0
]
2021-04-08 16:02:04 [127.0.0.1][1][bgq9boirrmuop630q7c4ddjllkej6j0o][error][ParseError] ParseError: syntax error, unexpected 'echo' (T_ECHO) in W:\domains\yiiCms\backend\views\layouts\left.php:22
Stack trace:
#0 W:\domains\yiiCms\vendor\yiisoft\yii2\base\View.php(257): yii\base\View->renderPhpFile('W:\\domains\\yiiC...', Array)
#1 W:\domains\yiiCms\vendor\yiisoft\yii2\base\View.php(156): yii\base\View->renderFile('W:\\domains\\yiiC...', Array, NULL)
#2 W:\domains\yiiCms\backend\views\layouts\main.php(39): yii\base\View->render('left.php', Array)
#3 W:\domains\yiiCms\vendor\yiisoft\yii2\base\View.php(348): require('W:\\domains\\yiiC...')
#4 W:\domains\yiiCms\vendor\yiisoft\yii2\base\View.php(257): yii\base\View->renderPhpFile('W:\\domains\\yiiC...', Array)
#5 W:\domains\yiiCms\vendor\yiisoft\yii2\base\Controller.php(425): yii\base\View->renderFile('W:\\domains\\yiiC...', Array, Object(backend\controllers\SiteController))
#6 W:\domains\yiiCms\vendor\yiisoft\yii2\base\Controller.php(411): yii\base\Controller->renderContent('<div class="sit...')
#7 W:\domains\yiiCms\backend\controllers\SiteController.php(63): yii\base\Controller->render('index')
#8 [internal function]: backend\controllers\SiteController->actionIndex()
#9 W:\domains\yiiCms\vendor\yiisoft\yii2\base\InlineAction.php(57): call_user_func_array(Array, Array)
#10 W:\domains\yiiCms\vendor\yiisoft\yii2\base\Controller.php(181): yii\base\InlineAction->runWithParams(Array)
#11 W:\domains\yiiCms\vendor\yiisoft\yii2\base\Module.php(534): yii\base\Controller->runAction('', Array)
#12 W:\domains\yiiCms\vendor\yiisoft\yii2\web\Application.php(104): yii\base\Module->runAction('', Array)
#13 W:\domains\yiiCms\vendor\yiisoft\yii2\base\Application.php(392): yii\web\Application->handleRequest(Object(yii\web\Request))
#14 W:\domains\yiiCms\backend\web\index.php(17): yii\base\Application->run()
#15 {main}
2021-04-08 16:02:04 [127.0.0.1][1][bgq9boirrmuop630q7c4ddjllkej6j0o][info][application] $_GET = []

$_POST = []

$_FILES = []

$_COOKIE = [
    'advanced-backend' => 'bgq9boirrmuop630q7c4ddjllkej6j0o'
    '_identity-backend' => '49103fd919c637fe346417b1273565419effdda16d0e9215337091a65a30523da:2:{i:0;s:17:\"_identity-backend\";i:1;s:46:\"[1,\"ZqbJAyS1WOsJVRrlOb9xrML_uxnWm9WO\",2592000]\";}'
    '_csrf-backend' => '9514e28aedc6744cbd29c9b1171b4e9a59ee2153558caf4d67bb03180dcd933fa:2:{i:0;s:13:\"_csrf-backend\";i:1;s:32:\"CygggPhdYHk9a0gTQLQbEQ3Gl_AbtxYY\";}'
]

$_SESSION = [
    '__flash' => []
    '__returnUrl' => 'http://admin.yii.loc/'
    '__id' => 1
    '__authKey' => 'ZqbJAyS1WOsJVRrlOb9xrML_uxnWm9WO'
]

$_SERVER = [
    'HTTP_HOST' => 'admin.yii.loc'
    'HTTP_CONNECTION' => 'keep-alive'
    'HTTP_CACHE_CONTROL' => 'max-age=0'
    'HTTP_UPGRADE_INSECURE_REQUESTS' => '1'
    'HTTP_USER_AGENT' => 'Mozilla/5.0 (Windows NT 10.0; Win64; x64) AppleWebKit/537.36 (KHTML, like Gecko) Chrome/89.0.4389.114 Safari/537.36'
    'HTTP_ACCEPT' => 'text/html,application/xhtml+xml,application/xml;q=0.9,image/avif,image/webp,image/apng,*/*;q=0.8,application/signed-exchange;v=b3;q=0.9'
    'HTTP_REFERER' => 'http://admin.yii.loc/index.php?r=site%2Flogin'
    'HTTP_ACCEPT_ENCODING' => 'gzip, deflate'
    'HTTP_ACCEPT_LANGUAGE' => 'ru-RU,ru;q=0.9,en-US;q=0.8,en;q=0.7,uk;q=0.6'
    'HTTP_COOKIE' => 'advanced-backend=bgq9boirrmuop630q7c4ddjllkej6j0o; _identity-backend=49103fd919c637fe346417b1273565419effdda16d0e9215337091a65a30523da%3A2%3A%7Bi%3A0%3Bs%3A17%3A%22_identity-backend%22%3Bi%3A1%3Bs%3A46%3A%22%5B1%2C%22ZqbJAyS1WOsJVRrlOb9xrML_uxnWm9WO%22%2C2592000%5D%22%3B%7D; _csrf-backend=9514e28aedc6744cbd29c9b1171b4e9a59ee2153558caf4d67bb03180dcd933fa%3A2%3A%7Bi%3A0%3Bs%3A13%3A%22_csrf-backend%22%3Bi%3A1%3Bs%3A32%3A%22CygggPhdYHk9a0gTQLQbEQ3Gl_AbtxYY%22%3B%7D'
    'PATH' => 'w:\\modules\\php\\PHP_7.3\\ext;w:\\modules\\php\\PHP_7.3\\pear;w:\\modules\\php\\PHP_7.3\\pear\\bin;w:\\modules\\php\\PHP_7.3;w:\\modules\\wget\\bin;w:\\modules\\database\\MySQL-8.0\\bin;w:\\modules\\memcached\\Memcached-1.5;w:\\modules\\http\\Apache_2.4-PHP_7.2-7.4\\bin;w:\\modules\\http\\Apache_2.4-PHP_7.2-7.4;C:\\Windows\\system32;C:\\Windows;C:\\Windows\\system32\\Wbem;C:\\Windows\\SysWOW64'
    'SystemRoot' => 'C:\\Windows'
    'COMSPEC' => 'C:\\Windows\\system32\\cmd.exe'
    'PATHEXT' => '.COM;.EXE;.BAT;.CMD;.VBS;.VBE;.JS;.JSE;.WSF;.WSH;.MSC'
    'WINDIR' => 'C:\\Windows'
    'SERVER_SIGNATURE' => ''
    'SERVER_SOFTWARE' => 'Apache'
    'SERVER_NAME' => 'admin.yii.loc'
    'SERVER_ADDR' => '127.0.0.1'
    'SERVER_PORT' => '80'
    'REMOTE_ADDR' => '127.0.0.1'
    'DOCUMENT_ROOT' => 'W:/domains/yiiCms/backend/web'
    'REQUEST_SCHEME' => 'http'
    'CONTEXT_PREFIX' => ''
    'CONTEXT_DOCUMENT_ROOT' => 'W:/domains/yiiCms/backend/web'
    'SERVER_ADMIN' => '[no address given]'
    'SCRIPT_FILENAME' => 'W:/domains/yiiCms/backend/web/index.php'
    'REMOTE_PORT' => '57353'
    'GATEWAY_INTERFACE' => 'CGI/1.1'
    'SERVER_PROTOCOL' => 'HTTP/1.1'
    'REQUEST_METHOD' => 'GET'
    'QUERY_STRING' => ''
    'REQUEST_URI' => '/'
    'SCRIPT_NAME' => '/index.php'
    'PHP_SELF' => '/index.php'
    'REQUEST_TIME_FLOAT' => 1617886924.2
    'REQUEST_TIME' => 1617886924
    'argv' => []
    'argc' => 0
]
2021-04-08 16:02:08 [127.0.0.1][1][bgq9boirrmuop630q7c4ddjllkej6j0o][error][Error] Error: Class 'dmstr\widgets\Menu' not found in W:\domains\yiiCms\backend\views\layouts\left.php:22
Stack trace:
#0 W:\domains\yiiCms\vendor\yiisoft\yii2\base\View.php(348): require()
#1 W:\domains\yiiCms\vendor\yiisoft\yii2\base\View.php(257): yii\base\View->renderPhpFile('W:\\domains\\yiiC...', Array)
#2 W:\domains\yiiCms\vendor\yiisoft\yii2\base\View.php(156): yii\base\View->renderFile('W:\\domains\\yiiC...', Array, NULL)
#3 W:\domains\yiiCms\backend\views\layouts\main.php(39): yii\base\View->render('left.php', Array)
#4 W:\domains\yiiCms\vendor\yiisoft\yii2\base\View.php(348): require('W:\\domains\\yiiC...')
#5 W:\domains\yiiCms\vendor\yiisoft\yii2\base\View.php(257): yii\base\View->renderPhpFile('W:\\domains\\yiiC...', Array)
#6 W:\domains\yiiCms\vendor\yiisoft\yii2\base\Controller.php(425): yii\base\View->renderFile('W:\\domains\\yiiC...', Array, Object(backend\controllers\SiteController))
#7 W:\domains\yiiCms\vendor\yiisoft\yii2\base\Controller.php(411): yii\base\Controller->renderContent('<div class="sit...')
#8 W:\domains\yiiCms\backend\controllers\SiteController.php(63): yii\base\Controller->render('index')
#9 [internal function]: backend\controllers\SiteController->actionIndex()
#10 W:\domains\yiiCms\vendor\yiisoft\yii2\base\InlineAction.php(57): call_user_func_array(Array, Array)
#11 W:\domains\yiiCms\vendor\yiisoft\yii2\base\Controller.php(181): yii\base\InlineAction->runWithParams(Array)
#12 W:\domains\yiiCms\vendor\yiisoft\yii2\base\Module.php(534): yii\base\Controller->runAction('', Array)
#13 W:\domains\yiiCms\vendor\yiisoft\yii2\web\Application.php(104): yii\base\Module->runAction('', Array)
#14 W:\domains\yiiCms\vendor\yiisoft\yii2\base\Application.php(392): yii\web\Application->handleRequest(Object(yii\web\Request))
#15 W:\domains\yiiCms\backend\web\index.php(17): yii\base\Application->run()
#16 {main}
2021-04-08 16:02:08 [127.0.0.1][1][bgq9boirrmuop630q7c4ddjllkej6j0o][info][application] $_GET = []

$_POST = []

$_FILES = []

$_COOKIE = [
    'advanced-backend' => 'bgq9boirrmuop630q7c4ddjllkej6j0o'
    '_identity-backend' => '49103fd919c637fe346417b1273565419effdda16d0e9215337091a65a30523da:2:{i:0;s:17:\"_identity-backend\";i:1;s:46:\"[1,\"ZqbJAyS1WOsJVRrlOb9xrML_uxnWm9WO\",2592000]\";}'
    '_csrf-backend' => '9514e28aedc6744cbd29c9b1171b4e9a59ee2153558caf4d67bb03180dcd933fa:2:{i:0;s:13:\"_csrf-backend\";i:1;s:32:\"CygggPhdYHk9a0gTQLQbEQ3Gl_AbtxYY\";}'
]

$_SESSION = [
    '__flash' => []
    '__returnUrl' => 'http://admin.yii.loc/'
    '__id' => 1
    '__authKey' => 'ZqbJAyS1WOsJVRrlOb9xrML_uxnWm9WO'
]

$_SERVER = [
    'HTTP_HOST' => 'admin.yii.loc'
    'HTTP_CONNECTION' => 'keep-alive'
    'HTTP_CACHE_CONTROL' => 'max-age=0'
    'HTTP_UPGRADE_INSECURE_REQUESTS' => '1'
    'HTTP_USER_AGENT' => 'Mozilla/5.0 (Windows NT 10.0; Win64; x64) AppleWebKit/537.36 (KHTML, like Gecko) Chrome/89.0.4389.114 Safari/537.36'
    'HTTP_ACCEPT' => 'text/html,application/xhtml+xml,application/xml;q=0.9,image/avif,image/webp,image/apng,*/*;q=0.8,application/signed-exchange;v=b3;q=0.9'
    'HTTP_REFERER' => 'http://admin.yii.loc/index.php?r=site%2Flogin'
    'HTTP_ACCEPT_ENCODING' => 'gzip, deflate'
    'HTTP_ACCEPT_LANGUAGE' => 'ru-RU,ru;q=0.9,en-US;q=0.8,en;q=0.7,uk;q=0.6'
    'HTTP_COOKIE' => 'advanced-backend=bgq9boirrmuop630q7c4ddjllkej6j0o; _identity-backend=49103fd919c637fe346417b1273565419effdda16d0e9215337091a65a30523da%3A2%3A%7Bi%3A0%3Bs%3A17%3A%22_identity-backend%22%3Bi%3A1%3Bs%3A46%3A%22%5B1%2C%22ZqbJAyS1WOsJVRrlOb9xrML_uxnWm9WO%22%2C2592000%5D%22%3B%7D; _csrf-backend=9514e28aedc6744cbd29c9b1171b4e9a59ee2153558caf4d67bb03180dcd933fa%3A2%3A%7Bi%3A0%3Bs%3A13%3A%22_csrf-backend%22%3Bi%3A1%3Bs%3A32%3A%22CygggPhdYHk9a0gTQLQbEQ3Gl_AbtxYY%22%3B%7D'
    'PATH' => 'w:\\modules\\php\\PHP_7.3\\ext;w:\\modules\\php\\PHP_7.3\\pear;w:\\modules\\php\\PHP_7.3\\pear\\bin;w:\\modules\\php\\PHP_7.3;w:\\modules\\wget\\bin;w:\\modules\\database\\MySQL-8.0\\bin;w:\\modules\\memcached\\Memcached-1.5;w:\\modules\\http\\Apache_2.4-PHP_7.2-7.4\\bin;w:\\modules\\http\\Apache_2.4-PHP_7.2-7.4;C:\\Windows\\system32;C:\\Windows;C:\\Windows\\system32\\Wbem;C:\\Windows\\SysWOW64'
    'SystemRoot' => 'C:\\Windows'
    'COMSPEC' => 'C:\\Windows\\system32\\cmd.exe'
    'PATHEXT' => '.COM;.EXE;.BAT;.CMD;.VBS;.VBE;.JS;.JSE;.WSF;.WSH;.MSC'
    'WINDIR' => 'C:\\Windows'
    'SERVER_SIGNATURE' => ''
    'SERVER_SOFTWARE' => 'Apache'
    'SERVER_NAME' => 'admin.yii.loc'
    'SERVER_ADDR' => '127.0.0.1'
    'SERVER_PORT' => '80'
    'REMOTE_ADDR' => '127.0.0.1'
    'DOCUMENT_ROOT' => 'W:/domains/yiiCms/backend/web'
    'REQUEST_SCHEME' => 'http'
    'CONTEXT_PREFIX' => ''
    'CONTEXT_DOCUMENT_ROOT' => 'W:/domains/yiiCms/backend/web'
    'SERVER_ADMIN' => '[no address given]'
    'SCRIPT_FILENAME' => 'W:/domains/yiiCms/backend/web/index.php'
    'REMOTE_PORT' => '57354'
    'GATEWAY_INTERFACE' => 'CGI/1.1'
    'SERVER_PROTOCOL' => 'HTTP/1.1'
    'REQUEST_METHOD' => 'GET'
    'QUERY_STRING' => ''
    'REQUEST_URI' => '/'
    'SCRIPT_NAME' => '/index.php'
    'PHP_SELF' => '/index.php'
    'REQUEST_TIME_FLOAT' => 1617886928.878
    'REQUEST_TIME' => 1617886928
    'argv' => []
    'argc' => 0
]
2021-04-08 16:04:40 [127.0.0.1][1][bgq9boirrmuop630q7c4ddjllkej6j0o][error][Error] Error: Class 'dmstr\widgets\Alert' not found in W:\domains\yiiCms\backend\views\layouts\content.php:33
Stack trace:
#0 W:\domains\yiiCms\vendor\yiisoft\yii2\base\View.php(348): require()
#1 W:\domains\yiiCms\vendor\yiisoft\yii2\base\View.php(257): yii\base\View->renderPhpFile('W:\\domains\\yiiC...', Array)
#2 W:\domains\yiiCms\vendor\yiisoft\yii2\base\View.php(156): yii\base\View->renderFile('W:\\domains\\yiiC...', Array, NULL)
#3 W:\domains\yiiCms\backend\views\layouts\main.php(39): yii\base\View->render('content.php', Array)
#4 W:\domains\yiiCms\vendor\yiisoft\yii2\base\View.php(348): require('W:\\domains\\yiiC...')
#5 W:\domains\yiiCms\vendor\yiisoft\yii2\base\View.php(257): yii\base\View->renderPhpFile('W:\\domains\\yiiC...', Array)
#6 W:\domains\yiiCms\vendor\yiisoft\yii2\base\Controller.php(425): yii\base\View->renderFile('W:\\domains\\yiiC...', Array, Object(backend\controllers\SiteController))
#7 W:\domains\yiiCms\vendor\yiisoft\yii2\base\Controller.php(411): yii\base\Controller->renderContent('<div class="sit...')
#8 W:\domains\yiiCms\backend\controllers\SiteController.php(63): yii\base\Controller->render('index')
#9 [internal function]: backend\controllers\SiteController->actionIndex()
#10 W:\domains\yiiCms\vendor\yiisoft\yii2\base\InlineAction.php(57): call_user_func_array(Array, Array)
#11 W:\domains\yiiCms\vendor\yiisoft\yii2\base\Controller.php(181): yii\base\InlineAction->runWithParams(Array)
#12 W:\domains\yiiCms\vendor\yiisoft\yii2\base\Module.php(534): yii\base\Controller->runAction('', Array)
#13 W:\domains\yiiCms\vendor\yiisoft\yii2\web\Application.php(104): yii\base\Module->runAction('', Array)
#14 W:\domains\yiiCms\vendor\yiisoft\yii2\base\Application.php(392): yii\web\Application->handleRequest(Object(yii\web\Request))
#15 W:\domains\yiiCms\backend\web\index.php(17): yii\base\Application->run()
#16 {main}
2021-04-08 16:04:40 [127.0.0.1][1][bgq9boirrmuop630q7c4ddjllkej6j0o][info][application] $_GET = []

$_POST = []

$_FILES = []

$_COOKIE = [
    'advanced-backend' => 'bgq9boirrmuop630q7c4ddjllkej6j0o'
    '_identity-backend' => '49103fd919c637fe346417b1273565419effdda16d0e9215337091a65a30523da:2:{i:0;s:17:\"_identity-backend\";i:1;s:46:\"[1,\"ZqbJAyS1WOsJVRrlOb9xrML_uxnWm9WO\",2592000]\";}'
    '_csrf-backend' => '9514e28aedc6744cbd29c9b1171b4e9a59ee2153558caf4d67bb03180dcd933fa:2:{i:0;s:13:\"_csrf-backend\";i:1;s:32:\"CygggPhdYHk9a0gTQLQbEQ3Gl_AbtxYY\";}'
]

$_SESSION = [
    '__flash' => []
    '__returnUrl' => 'http://admin.yii.loc/'
    '__id' => 1
    '__authKey' => 'ZqbJAyS1WOsJVRrlOb9xrML_uxnWm9WO'
]

$_SERVER = [
    'HTTP_HOST' => 'admin.yii.loc'
    'HTTP_CONNECTION' => 'keep-alive'
    'HTTP_CACHE_CONTROL' => 'max-age=0'
    'HTTP_UPGRADE_INSECURE_REQUESTS' => '1'
    'HTTP_USER_AGENT' => 'Mozilla/5.0 (Windows NT 10.0; Win64; x64) AppleWebKit/537.36 (KHTML, like Gecko) Chrome/89.0.4389.114 Safari/537.36'
    'HTTP_ACCEPT' => 'text/html,application/xhtml+xml,application/xml;q=0.9,image/avif,image/webp,image/apng,*/*;q=0.8,application/signed-exchange;v=b3;q=0.9'
    'HTTP_REFERER' => 'http://admin.yii.loc/index.php?r=site%2Flogin'
    'HTTP_ACCEPT_ENCODING' => 'gzip, deflate'
    'HTTP_ACCEPT_LANGUAGE' => 'ru-RU,ru;q=0.9,en-US;q=0.8,en;q=0.7,uk;q=0.6'
    'HTTP_COOKIE' => 'advanced-backend=bgq9boirrmuop630q7c4ddjllkej6j0o; _identity-backend=49103fd919c637fe346417b1273565419effdda16d0e9215337091a65a30523da%3A2%3A%7Bi%3A0%3Bs%3A17%3A%22_identity-backend%22%3Bi%3A1%3Bs%3A46%3A%22%5B1%2C%22ZqbJAyS1WOsJVRrlOb9xrML_uxnWm9WO%22%2C2592000%5D%22%3B%7D; _csrf-backend=9514e28aedc6744cbd29c9b1171b4e9a59ee2153558caf4d67bb03180dcd933fa%3A2%3A%7Bi%3A0%3Bs%3A13%3A%22_csrf-backend%22%3Bi%3A1%3Bs%3A32%3A%22CygggPhdYHk9a0gTQLQbEQ3Gl_AbtxYY%22%3B%7D'
    'PATH' => 'w:\\modules\\php\\PHP_7.3\\ext;w:\\modules\\php\\PHP_7.3\\pear;w:\\modules\\php\\PHP_7.3\\pear\\bin;w:\\modules\\php\\PHP_7.3;w:\\modules\\wget\\bin;w:\\modules\\database\\MySQL-8.0\\bin;w:\\modules\\memcached\\Memcached-1.5;w:\\modules\\http\\Apache_2.4-PHP_7.2-7.4\\bin;w:\\modules\\http\\Apache_2.4-PHP_7.2-7.4;C:\\Windows\\system32;C:\\Windows;C:\\Windows\\system32\\Wbem;C:\\Windows\\SysWOW64'
    'SystemRoot' => 'C:\\Windows'
    'COMSPEC' => 'C:\\Windows\\system32\\cmd.exe'
    'PATHEXT' => '.COM;.EXE;.BAT;.CMD;.VBS;.VBE;.JS;.JSE;.WSF;.WSH;.MSC'
    'WINDIR' => 'C:\\Windows'
    'SERVER_SIGNATURE' => ''
    'SERVER_SOFTWARE' => 'Apache'
    'SERVER_NAME' => 'admin.yii.loc'
    'SERVER_ADDR' => '127.0.0.1'
    'SERVER_PORT' => '80'
    'REMOTE_ADDR' => '127.0.0.1'
    'DOCUMENT_ROOT' => 'W:/domains/yiiCms/backend/web'
    'REQUEST_SCHEME' => 'http'
    'CONTEXT_PREFIX' => ''
    'CONTEXT_DOCUMENT_ROOT' => 'W:/domains/yiiCms/backend/web'
    'SERVER_ADMIN' => '[no address given]'
    'SCRIPT_FILENAME' => 'W:/domains/yiiCms/backend/web/index.php'
    'REMOTE_PORT' => '57467'
    'GATEWAY_INTERFACE' => 'CGI/1.1'
    'SERVER_PROTOCOL' => 'HTTP/1.1'
    'REQUEST_METHOD' => 'GET'
    'QUERY_STRING' => ''
    'REQUEST_URI' => '/'
    'SCRIPT_NAME' => '/index.php'
    'PHP_SELF' => '/index.php'
    'REQUEST_TIME_FLOAT' => 1617887080.707
    'REQUEST_TIME' => 1617887080
    'argv' => []
    'argc' => 0
]
2021-04-08 16:09:41 [127.0.0.1][1][bgq9boirrmuop630q7c4ddjllkej6j0o][error][Error] Error: Class 'dmstr\widgets\Alert' not found in W:\domains\yiiCms\backend\views\layouts\content.php:33
Stack trace:
#0 W:\domains\yiiCms\vendor\yiisoft\yii2\base\View.php(348): require()
#1 W:\domains\yiiCms\vendor\yiisoft\yii2\base\View.php(257): yii\base\View->renderPhpFile('W:\\domains\\yiiC...', Array)
#2 W:\domains\yiiCms\vendor\yiisoft\yii2\base\View.php(156): yii\base\View->renderFile('W:\\domains\\yiiC...', Array, NULL)
#3 W:\domains\yiiCms\backend\views\layouts\main.php(39): yii\base\View->render('content.php', Array)
#4 W:\domains\yiiCms\vendor\yiisoft\yii2\base\View.php(348): require('W:\\domains\\yiiC...')
#5 W:\domains\yiiCms\vendor\yiisoft\yii2\base\View.php(257): yii\base\View->renderPhpFile('W:\\domains\\yiiC...', Array)
#6 W:\domains\yiiCms\vendor\yiisoft\yii2\base\Controller.php(425): yii\base\View->renderFile('W:\\domains\\yiiC...', Array, Object(backend\controllers\SiteController))
#7 W:\domains\yiiCms\vendor\yiisoft\yii2\base\Controller.php(411): yii\base\Controller->renderContent('<div class="sit...')
#8 W:\domains\yiiCms\backend\controllers\SiteController.php(63): yii\base\Controller->render('index')
#9 [internal function]: backend\controllers\SiteController->actionIndex()
#10 W:\domains\yiiCms\vendor\yiisoft\yii2\base\InlineAction.php(57): call_user_func_array(Array, Array)
#11 W:\domains\yiiCms\vendor\yiisoft\yii2\base\Controller.php(181): yii\base\InlineAction->runWithParams(Array)
#12 W:\domains\yiiCms\vendor\yiisoft\yii2\base\Module.php(534): yii\base\Controller->runAction('', Array)
#13 W:\domains\yiiCms\vendor\yiisoft\yii2\web\Application.php(104): yii\base\Module->runAction('', Array)
#14 W:\domains\yiiCms\vendor\yiisoft\yii2\base\Application.php(392): yii\web\Application->handleRequest(Object(yii\web\Request))
#15 W:\domains\yiiCms\backend\web\index.php(17): yii\base\Application->run()
#16 {main}
2021-04-08 16:09:41 [127.0.0.1][1][bgq9boirrmuop630q7c4ddjllkej6j0o][info][application] $_GET = []

$_POST = []

$_FILES = []

$_COOKIE = [
    'advanced-backend' => 'bgq9boirrmuop630q7c4ddjllkej6j0o'
    '_identity-backend' => '49103fd919c637fe346417b1273565419effdda16d0e9215337091a65a30523da:2:{i:0;s:17:\"_identity-backend\";i:1;s:46:\"[1,\"ZqbJAyS1WOsJVRrlOb9xrML_uxnWm9WO\",2592000]\";}'
    '_csrf-backend' => '9514e28aedc6744cbd29c9b1171b4e9a59ee2153558caf4d67bb03180dcd933fa:2:{i:0;s:13:\"_csrf-backend\";i:1;s:32:\"CygggPhdYHk9a0gTQLQbEQ3Gl_AbtxYY\";}'
]

$_SESSION = [
    '__flash' => []
    '__returnUrl' => 'http://admin.yii.loc/'
    '__id' => 1
    '__authKey' => 'ZqbJAyS1WOsJVRrlOb9xrML_uxnWm9WO'
]

$_SERVER = [
    'HTTP_HOST' => 'admin.yii.loc'
    'HTTP_CONNECTION' => 'keep-alive'
    'HTTP_CACHE_CONTROL' => 'max-age=0'
    'HTTP_UPGRADE_INSECURE_REQUESTS' => '1'
    'HTTP_USER_AGENT' => 'Mozilla/5.0 (Windows NT 10.0; Win64; x64) AppleWebKit/537.36 (KHTML, like Gecko) Chrome/89.0.4389.114 Safari/537.36'
    'HTTP_ACCEPT' => 'text/html,application/xhtml+xml,application/xml;q=0.9,image/avif,image/webp,image/apng,*/*;q=0.8,application/signed-exchange;v=b3;q=0.9'
    'HTTP_REFERER' => 'http://admin.yii.loc/'
    'HTTP_ACCEPT_ENCODING' => 'gzip, deflate'
    'HTTP_ACCEPT_LANGUAGE' => 'ru-RU,ru;q=0.9,en-US;q=0.8,en;q=0.7,uk;q=0.6'
    'HTTP_COOKIE' => 'advanced-backend=bgq9boirrmuop630q7c4ddjllkej6j0o; _identity-backend=49103fd919c637fe346417b1273565419effdda16d0e9215337091a65a30523da%3A2%3A%7Bi%3A0%3Bs%3A17%3A%22_identity-backend%22%3Bi%3A1%3Bs%3A46%3A%22%5B1%2C%22ZqbJAyS1WOsJVRrlOb9xrML_uxnWm9WO%22%2C2592000%5D%22%3B%7D; _csrf-backend=9514e28aedc6744cbd29c9b1171b4e9a59ee2153558caf4d67bb03180dcd933fa%3A2%3A%7Bi%3A0%3Bs%3A13%3A%22_csrf-backend%22%3Bi%3A1%3Bs%3A32%3A%22CygggPhdYHk9a0gTQLQbEQ3Gl_AbtxYY%22%3B%7D'
    'PATH' => 'w:\\modules\\php\\PHP_7.3\\ext;w:\\modules\\php\\PHP_7.3\\pear;w:\\modules\\php\\PHP_7.3\\pear\\bin;w:\\modules\\php\\PHP_7.3;w:\\modules\\wget\\bin;w:\\modules\\database\\MySQL-8.0\\bin;w:\\modules\\memcached\\Memcached-1.5;w:\\modules\\http\\Apache_2.4-PHP_7.2-7.4\\bin;w:\\modules\\http\\Apache_2.4-PHP_7.2-7.4;C:\\Windows\\system32;C:\\Windows;C:\\Windows\\system32\\Wbem;C:\\Windows\\SysWOW64'
    'SystemRoot' => 'C:\\Windows'
    'COMSPEC' => 'C:\\Windows\\system32\\cmd.exe'
    'PATHEXT' => '.COM;.EXE;.BAT;.CMD;.VBS;.VBE;.JS;.JSE;.WSF;.WSH;.MSC'
    'WINDIR' => 'C:\\Windows'
    'SERVER_SIGNATURE' => ''
    'SERVER_SOFTWARE' => 'Apache'
    'SERVER_NAME' => 'admin.yii.loc'
    'SERVER_ADDR' => '127.0.0.1'
    'SERVER_PORT' => '80'
    'REMOTE_ADDR' => '127.0.0.1'
    'DOCUMENT_ROOT' => 'W:/domains/yiiCms/backend/web'
    'REQUEST_SCHEME' => 'http'
    'CONTEXT_PREFIX' => ''
    'CONTEXT_DOCUMENT_ROOT' => 'W:/domains/yiiCms/backend/web'
    'SERVER_ADMIN' => '[no address given]'
    'SCRIPT_FILENAME' => 'W:/domains/yiiCms/backend/web/index.php'
    'REMOTE_PORT' => '57607'
    'GATEWAY_INTERFACE' => 'CGI/1.1'
    'SERVER_PROTOCOL' => 'HTTP/1.1'
    'REQUEST_METHOD' => 'GET'
    'QUERY_STRING' => ''
    'REQUEST_URI' => '/index.php'
    'SCRIPT_NAME' => '/index.php'
    'PHP_SELF' => '/index.php'
    'REQUEST_TIME_FLOAT' => 1617887381.652
    'REQUEST_TIME' => 1617887381
    'argv' => []
    'argc' => 0
]
2021-04-08 16:10:46 [127.0.0.1][1][bgq9boirrmuop630q7c4ddjllkej6j0o][error][Error] Error: Class 'dmstr\widgets\Alert' not found in W:\domains\yiiCms\backend\views\layouts\content.php:33
Stack trace:
#0 W:\domains\yiiCms\vendor\yiisoft\yii2\base\View.php(348): require()
#1 W:\domains\yiiCms\vendor\yiisoft\yii2\base\View.php(257): yii\base\View->renderPhpFile('W:\\domains\\yiiC...', Array)
#2 W:\domains\yiiCms\vendor\yiisoft\yii2\base\View.php(156): yii\base\View->renderFile('W:\\domains\\yiiC...', Array, NULL)
#3 W:\domains\yiiCms\backend\views\layouts\main.php(39): yii\base\View->render('content.php', Array)
#4 W:\domains\yiiCms\vendor\yiisoft\yii2\base\View.php(348): require('W:\\domains\\yiiC...')
#5 W:\domains\yiiCms\vendor\yiisoft\yii2\base\View.php(257): yii\base\View->renderPhpFile('W:\\domains\\yiiC...', Array)
#6 W:\domains\yiiCms\vendor\yiisoft\yii2\base\Controller.php(425): yii\base\View->renderFile('W:\\domains\\yiiC...', Array, Object(backend\controllers\SiteController))
#7 W:\domains\yiiCms\vendor\yiisoft\yii2\base\Controller.php(411): yii\base\Controller->renderContent('<div class="sit...')
#8 W:\domains\yiiCms\backend\controllers\SiteController.php(63): yii\base\Controller->render('index')
#9 [internal function]: backend\controllers\SiteController->actionIndex()
#10 W:\domains\yiiCms\vendor\yiisoft\yii2\base\InlineAction.php(57): call_user_func_array(Array, Array)
#11 W:\domains\yiiCms\vendor\yiisoft\yii2\base\Controller.php(181): yii\base\InlineAction->runWithParams(Array)
#12 W:\domains\yiiCms\vendor\yiisoft\yii2\base\Module.php(534): yii\base\Controller->runAction('', Array)
#13 W:\domains\yiiCms\vendor\yiisoft\yii2\web\Application.php(104): yii\base\Module->runAction('', Array)
#14 W:\domains\yiiCms\vendor\yiisoft\yii2\base\Application.php(392): yii\web\Application->handleRequest(Object(yii\web\Request))
#15 W:\domains\yiiCms\backend\web\index.php(17): yii\base\Application->run()
#16 {main}
2021-04-08 16:10:46 [127.0.0.1][1][bgq9boirrmuop630q7c4ddjllkej6j0o][info][application] $_GET = []

$_POST = []

$_FILES = []

$_COOKIE = [
    'advanced-backend' => 'bgq9boirrmuop630q7c4ddjllkej6j0o'
    '_identity-backend' => '49103fd919c637fe346417b1273565419effdda16d0e9215337091a65a30523da:2:{i:0;s:17:\"_identity-backend\";i:1;s:46:\"[1,\"ZqbJAyS1WOsJVRrlOb9xrML_uxnWm9WO\",2592000]\";}'
    '_csrf-backend' => '9514e28aedc6744cbd29c9b1171b4e9a59ee2153558caf4d67bb03180dcd933fa:2:{i:0;s:13:\"_csrf-backend\";i:1;s:32:\"CygggPhdYHk9a0gTQLQbEQ3Gl_AbtxYY\";}'
]

$_SESSION = [
    '__flash' => []
    '__returnUrl' => 'http://admin.yii.loc/'
    '__id' => 1
    '__authKey' => 'ZqbJAyS1WOsJVRrlOb9xrML_uxnWm9WO'
]

$_SERVER = [
    'HTTP_HOST' => 'admin.yii.loc'
    'HTTP_CONNECTION' => 'keep-alive'
    'HTTP_CACHE_CONTROL' => 'max-age=0'
    'HTTP_UPGRADE_INSECURE_REQUESTS' => '1'
    'HTTP_USER_AGENT' => 'Mozilla/5.0 (Windows NT 10.0; Win64; x64) AppleWebKit/537.36 (KHTML, like Gecko) Chrome/89.0.4389.114 Safari/537.36'
    'HTTP_ACCEPT' => 'text/html,application/xhtml+xml,application/xml;q=0.9,image/avif,image/webp,image/apng,*/*;q=0.8,application/signed-exchange;v=b3;q=0.9'
    'HTTP_REFERER' => 'http://admin.yii.loc/'
    'HTTP_ACCEPT_ENCODING' => 'gzip, deflate'
    'HTTP_ACCEPT_LANGUAGE' => 'ru-RU,ru;q=0.9,en-US;q=0.8,en;q=0.7,uk;q=0.6'
    'HTTP_COOKIE' => 'advanced-backend=bgq9boirrmuop630q7c4ddjllkej6j0o; _identity-backend=49103fd919c637fe346417b1273565419effdda16d0e9215337091a65a30523da%3A2%3A%7Bi%3A0%3Bs%3A17%3A%22_identity-backend%22%3Bi%3A1%3Bs%3A46%3A%22%5B1%2C%22ZqbJAyS1WOsJVRrlOb9xrML_uxnWm9WO%22%2C2592000%5D%22%3B%7D; _csrf-backend=9514e28aedc6744cbd29c9b1171b4e9a59ee2153558caf4d67bb03180dcd933fa%3A2%3A%7Bi%3A0%3Bs%3A13%3A%22_csrf-backend%22%3Bi%3A1%3Bs%3A32%3A%22CygggPhdYHk9a0gTQLQbEQ3Gl_AbtxYY%22%3B%7D'
    'PATH' => 'w:\\modules\\php\\PHP_7.3\\ext;w:\\modules\\php\\PHP_7.3\\pear;w:\\modules\\php\\PHP_7.3\\pear\\bin;w:\\modules\\php\\PHP_7.3;w:\\modules\\wget\\bin;w:\\modules\\database\\MySQL-8.0\\bin;w:\\modules\\memcached\\Memcached-1.5;w:\\modules\\http\\Apache_2.4-PHP_7.2-7.4\\bin;w:\\modules\\http\\Apache_2.4-PHP_7.2-7.4;C:\\Windows\\system32;C:\\Windows;C:\\Windows\\system32\\Wbem;C:\\Windows\\SysWOW64'
    'SystemRoot' => 'C:\\Windows'
    'COMSPEC' => 'C:\\Windows\\system32\\cmd.exe'
    'PATHEXT' => '.COM;.EXE;.BAT;.CMD;.VBS;.VBE;.JS;.JSE;.WSF;.WSH;.MSC'
    'WINDIR' => 'C:\\Windows'
    'SERVER_SIGNATURE' => ''
    'SERVER_SOFTWARE' => 'Apache'
    'SERVER_NAME' => 'admin.yii.loc'
    'SERVER_ADDR' => '127.0.0.1'
    'SERVER_PORT' => '80'
    'REMOTE_ADDR' => '127.0.0.1'
    'DOCUMENT_ROOT' => 'W:/domains/yiiCms/backend/web'
    'REQUEST_SCHEME' => 'http'
    'CONTEXT_PREFIX' => ''
    'CONTEXT_DOCUMENT_ROOT' => 'W:/domains/yiiCms/backend/web'
    'SERVER_ADMIN' => '[no address given]'
    'SCRIPT_FILENAME' => 'W:/domains/yiiCms/backend/web/index.php'
    'REMOTE_PORT' => '57608'
    'GATEWAY_INTERFACE' => 'CGI/1.1'
    'SERVER_PROTOCOL' => 'HTTP/1.1'
    'REQUEST_METHOD' => 'GET'
    'QUERY_STRING' => ''
    'REQUEST_URI' => '/index.php'
    'SCRIPT_NAME' => '/index.php'
    'PHP_SELF' => '/index.php'
    'REQUEST_TIME_FLOAT' => 1617887446.156
    'REQUEST_TIME' => 1617887446
    'argv' => []
    'argc' => 0
]
